<?xml version="1.0" encoding="UTF-8"?>
<!-- Generated by org.testng.reporters.JUnitXMLReporter -->
<testsuite ignored="0" hostname="DESKTOP-G0RIQUQ" failures="1" tests="1" name="Validating navigation url" time="7.495" errors="0" timestamp="2023-01-09T22:13:40 IST">
  <testcase classname="Charts.E_Boarding_Reports.Validate_navigation_url" name="Validate_url" time="0.055">
    <failure type="org.junit.ComparisonFailure" message="expected:&amp;lt;...tp://localhost:8080/[ma]in&amp;gt; but was:&amp;lt;...tp://localhost:8080/[log]in&amp;gt;">
      <![CDATA[org.junit.ComparisonFailure: expected:<...tp://localhost:8080/[ma]in> but was:<...tp://localhost:8080/[log]in>
at org.junit.Assert.assertEquals(Assert.java:115)
at org.junit.Assert.assertEquals(Assert.java:144)
at Charts.E_Boarding_Reports.Validate_navigation_url.Validate_url(Validate_navigation_url.java:34)
at java.base/java.util.ArrayList.forEach(ArrayList.java:1511)
... Removed 27 stack frames]]>
    </failure>
  </testcase> <!-- Validate_url -->
</testsuite> <!-- Validating navigation url -->
