<?xml version="1.0" encoding="UTF-8"?>
<testsuite xmlns:xsi="http://www.w3.org/2001/XMLSchema-instance" xsi:schemaLocation="https://maven.apache.org/surefire/maven-surefire-plugin/xsd/surefire-test-report.xsd" name="TestSuite" time="1.094" tests="13" errors="0" skipped="8" failures="4">
  <properties>
[...]
</properties>
  <testcase name="sample" classname="Charts.E_Boarding_Reports.Test_info" time="0.007"/>
  <testcase name="initilize_browser" classname="Charts.E_Boarding_Reports.Validate_navigation_url" time="0.232">
    <failure message="The driver executable must exist: C:\chromedriver.exe" type="java.lang.IllegalStateException">java.lang.IllegalStateException: The driver executable must exist: C:\chromedriver.exe
	at Charts.E_Boarding_Reports.Validate_navigation_url.initilize_browser(Validate_navigation_url.java:23)
</failure>
    <system-out><![CDATA[chrome
http://localhost:8080/main
]]></system-out>
  </testcase>
  <testcase name="Validate_url" classname="Charts.E_Boarding_Reports.Validate_navigation_url" time="0">
    <skipped/>
  </testcase>
  <testcase name="teardown" classname="Charts.E_Boarding_Reports.Validate_navigation_url" time="0">
    <skipped/>
  </testcase>
  <testcase name="initilize_browser" classname="Charts.E_Boarding_Reports.Validate_titlebar" time="0.009">
    <failure message="The driver executable must exist: C:\chromedriver.exe" type="java.lang.IllegalStateException">java.lang.IllegalStateException: The driver executable must exist: C:\chromedriver.exe
	at Charts.E_Boarding_Reports.Validate_titlebar.initilize_browser(Validate_titlebar.java:21)
</failure>
    <system-out><![CDATA[chrome
http://localhost:8080/main
]]></system-out>
  </testcase>
  <testcase name="titlebar" classname="Charts.E_Boarding_Reports.Validate_titlebar" time="0">
    <skipped/>
  </testcase>
  <testcase name="teardown" classname="Charts.E_Boarding_Reports.Validate_titlebar" time="0">
    <skipped/>
  </testcase>
  <testcase name="initializebrowser" classname="Charts.E_Boarding_Reports.Login_page_verification" time="0.014">
    <failure message="The driver executable must exist: C:\chromedriver.exe" type="java.lang.IllegalStateException">java.lang.IllegalStateException: The driver executable must exist: C:\chromedriver.exe
	at Charts.E_Boarding_Reports.Login_page_verification.initializebrowser(Login_page_verification.java:19)
</failure>
    <system-out><![CDATA[chrome
http://localhost:8080/main
]]></system-out>
  </testcase>
  <testcase name="Login_validation" classname="Charts.E_Boarding_Reports.Login_page_verification" time="0">
    <skipped/>
  </testcase>
  <testcase name="teardown" classname="Charts.E_Boarding_Reports.Login_page_verification" time="0">
    <skipped/>
  </testcase>
  <testcase name="sha_avgdata_database" classname="Charts.E_Boarding_Reports.Sha_dwelltime_validation" time="0.009">
    <failure message="The driver executable must exist: C:\chromedriver.exe" type="java.lang.IllegalStateException">java.lang.IllegalStateException: The driver executable must exist: C:\chromedriver.exe
	at Charts.E_Boarding_Reports.Sha_dwelltime_validation.sha_avgdata_database(Sha_dwelltime_validation.java:23)
</failure>
    <system-out><![CDATA[chrome
http://localhost:8080/main
]]></system-out>
  </testcase>
  <testcase name="sha_avg" classname="Charts.E_Boarding_Reports.Sha_dwelltime_validation" time="0">
    <skipped/>
  </testcase>
  <testcase name="teardown" classname="Charts.E_Boarding_Reports.Sha_dwelltime_validation" time="0">
    <skipped/>
  </testcase>
</testsuite>