<?xml version="1.0" encoding="UTF-8"?>
<testng-results skipped="0" failed="2" total="5" passed="3">
  <reporter-output>
  </reporter-output>
  <suite name="Suite" duration-ms="72094" started-at="2023-02-02T11:50:08Z" finished-at="2023-02-02T11:51:20Z">
    <groups>
    </groups>
    <test name="Test" duration-ms="14" started-at="2023-02-02T11:50:08Z" finished-at="2023-02-02T11:50:08Z">
      <class name="Charts.E_Boarding_Reports.Test_info">
        <test-method status="PASS" signature="sample()[pri:0, instance:Charts.E_Boarding_Reports.Test_info@747ddf94]" name="sample" duration-ms="5" started-at="2023-02-02T17:20:08Z" finished-at="2023-02-02T17:20:08Z">
          <reporter-output>
          </reporter-output>
        </test-method> <!-- sample -->
      </class> <!-- Charts.E_Boarding_Reports.Test_info -->
    </test> <!-- Test -->
    <test name="Validating navigation bar" duration-ms="21482" started-at="2023-02-02T11:50:08Z" finished-at="2023-02-02T11:50:30Z">
      <class name="Charts.E_Boarding_Reports.Validate_navigation_url">
        <test-method status="PASS" signature="initilize_browser()[pri:0, instance:Charts.E_Boarding_Reports.Validate_navigation_url@3270d194]" name="initilize_browser" is-config="true" duration-ms="5055" started-at="2023-02-02T17:20:08Z" finished-at="2023-02-02T17:20:13Z">
          <reporter-output>
          </reporter-output>
        </test-method> <!-- initilize_browser -->
        <test-method status="FAIL" signature="Validate_url()[pri:0, instance:Charts.E_Boarding_Reports.Validate_navigation_url@3270d194]" name="Validate_url" duration-ms="33" started-at="2023-02-02T17:20:13Z" finished-at="2023-02-02T17:20:13Z">
          <exception class="java.lang.AssertionError">
            <message>
              <![CDATA[expected [http://localhost:8080/login] but found [http://localhost:8080/main]]]>
            </message>
            <full-stacktrace>
              <![CDATA[java.lang.AssertionError: expected [http://localhost:8080/login] but found [http://localhost:8080/main]
	at org.testng.Assert.fail(Assert.java:94)
	at org.testng.Assert.failNotEquals(Assert.java:494)
	at org.testng.Assert.assertEquals(Assert.java:123)
	at org.testng.Assert.assertEquals(Assert.java:176)
	at org.testng.Assert.assertEquals(Assert.java:186)
	at Charts.E_Boarding_Reports.Validate_navigation_url.Validate_url(Validate_navigation_url.java:35)
	at sun.reflect.NativeMethodAccessorImpl.invoke0(Native Method)
	at sun.reflect.NativeMethodAccessorImpl.invoke(NativeMethodAccessorImpl.java:62)
	at sun.reflect.DelegatingMethodAccessorImpl.invoke(DelegatingMethodAccessorImpl.java:43)
	at java.lang.reflect.Method.invoke(Method.java:498)
	at org.testng.internal.MethodInvocationHelper.invokeMethod(MethodInvocationHelper.java:80)
	at org.testng.internal.Invoker.invokeMethod(Invoker.java:714)
	at org.testng.internal.Invoker.invokeTestMethod(Invoker.java:901)
	at org.testng.internal.Invoker.invokeTestMethods(Invoker.java:1231)
	at org.testng.internal.TestMethodWorker.invokeTestMethods(TestMethodWorker.java:127)
	at org.testng.internal.TestMethodWorker.run(TestMethodWorker.java:111)
	at org.testng.TestRunner.privateRun(TestRunner.java:767)
	at org.testng.TestRunner.run(TestRunner.java:617)
	at org.testng.SuiteRunner.runTest(SuiteRunner.java:334)
	at org.testng.SuiteRunner.runSequentially(SuiteRunner.java:329)
	at org.testng.SuiteRunner.privateRun(SuiteRunner.java:291)
	at org.testng.SuiteRunner.run(SuiteRunner.java:240)
	at org.testng.SuiteRunnerWorker.runSuite(SuiteRunnerWorker.java:52)
	at org.testng.SuiteRunnerWorker.run(SuiteRunnerWorker.java:86)
	at org.testng.TestNG.runSuitesSequentially(TestNG.java:1198)
	at org.testng.TestNG.runSuitesLocally(TestNG.java:1123)
	at org.testng.TestNG.run(TestNG.java:1031)
	at org.apache.maven.surefire.testng.TestNGExecutor.run(TestNGExecutor.java:281)
	at org.apache.maven.surefire.testng.TestNGXmlTestSuite.execute(TestNGXmlTestSuite.java:75)
	at org.apache.maven.surefire.testng.TestNGProvider.invoke(TestNGProvider.java:121)
	at org.apache.maven.surefire.booter.ForkedBooter.invokeProviderInSameClassLoader(ForkedBooter.java:290)
	at org.apache.maven.surefire.booter.ForkedBooter.runSuitesInProcess(ForkedBooter.java:242)
	at org.apache.maven.surefire.booter.ForkedBooter.main(ForkedBooter.java:121)
]]>
            </full-stacktrace>
          </exception> <!-- java.lang.AssertionError -->
          <reporter-output>
          </reporter-output>
        </test-method> <!-- Validate_url -->
        <test-method status="PASS" signature="teardown()[pri:0, instance:Charts.E_Boarding_Reports.Validate_navigation_url@3270d194]" name="teardown" is-config="true" duration-ms="16263" started-at="2023-02-02T17:20:13Z" finished-at="2023-02-02T17:20:30Z">
          <reporter-output>
          </reporter-output>
        </test-method> <!-- teardown -->
      </class> <!-- Charts.E_Boarding_Reports.Validate_navigation_url -->
    </test> <!-- Validating navigation bar -->
    <test name="Validating title" duration-ms="19731" started-at="2023-02-02T11:50:30Z" finished-at="2023-02-02T11:50:49Z">
      <class name="Charts.E_Boarding_Reports.Validate_titlebar">
        <test-method status="PASS" signature="initilize_browser()[pri:0, instance:Charts.E_Boarding_Reports.Validate_titlebar@7b98f307]" name="initilize_browser" is-config="true" duration-ms="3478" started-at="2023-02-02T17:20:30Z" finished-at="2023-02-02T17:20:33Z">
          <reporter-output>
          </reporter-output>
        </test-method> <!-- initilize_browser -->
        <test-method status="PASS" signature="titlebar()[pri:0, instance:Charts.E_Boarding_Reports.Validate_titlebar@7b98f307]" name="titlebar" duration-ms="8" started-at="2023-02-02T17:20:33Z" finished-at="2023-02-02T17:20:33Z">
          <reporter-output>
          </reporter-output>
        </test-method> <!-- titlebar -->
        <test-method status="PASS" signature="teardown()[pri:0, instance:Charts.E_Boarding_Reports.Validate_titlebar@7b98f307]" name="teardown" is-config="true" duration-ms="16244" started-at="2023-02-02T17:20:33Z" finished-at="2023-02-02T17:20:49Z">
          <reporter-output>
          </reporter-output>
        </test-method> <!-- teardown -->
      </class> <!-- Charts.E_Boarding_Reports.Validate_titlebar -->
    </test> <!-- Validating title -->
    <test name="Validating loginpage" duration-ms="4205" started-at="2023-02-02T11:50:49Z" finished-at="2023-02-02T11:50:54Z">
      <class name="Charts.E_Boarding_Reports.Login_page_verification">
        <test-method status="PASS" signature="initializebrowser()[pri:0, instance:Charts.E_Boarding_Reports.Login_page_verification@78691363]" name="initializebrowser" is-config="true" duration-ms="3829" started-at="2023-02-02T17:20:49Z" finished-at="2023-02-02T17:20:53Z">
          <reporter-output>
          </reporter-output>
        </test-method> <!-- initializebrowser -->
        <test-method status="PASS" signature="Login_validation()[pri:0, instance:Charts.E_Boarding_Reports.Login_page_verification@78691363]" name="Login_validation" duration-ms="222" started-at="2023-02-02T17:20:53Z" finished-at="2023-02-02T17:20:53Z">
          <reporter-output>
          </reporter-output>
        </test-method> <!-- Login_validation -->
        <test-method status="PASS" signature="teardown()[pri:0, instance:Charts.E_Boarding_Reports.Login_page_verification@78691363]" name="teardown" is-config="true" duration-ms="154" started-at="2023-02-02T17:20:53Z" finished-at="2023-02-02T17:20:54Z">
          <reporter-output>
          </reporter-output>
        </test-method> <!-- teardown -->
      </class> <!-- Charts.E_Boarding_Reports.Login_page_verification -->
    </test> <!-- Validating loginpage -->
    <test name="Validating sha avg data" duration-ms="26430" started-at="2023-02-02T11:50:54Z" finished-at="2023-02-02T11:51:20Z">
      <class name="Charts.E_Boarding_Reports.Sha_dwelltime_validation">
        <test-method status="PASS" signature="sha_avgdata_database()[pri:0, instance:Charts.E_Boarding_Reports.Sha_dwelltime_validation@5fe94a96]" name="sha_avgdata_database" is-config="true" duration-ms="3215" started-at="2023-02-02T17:20:54Z" finished-at="2023-02-02T17:20:57Z">
          <reporter-output>
          </reporter-output>
        </test-method> <!-- sha_avgdata_database -->
        <test-method status="FAIL" signature="sha_avg()[pri:0, instance:Charts.E_Boarding_Reports.Sha_dwelltime_validation@5fe94a96]" name="sha_avg" duration-ms="6853" started-at="2023-02-02T17:20:57Z" finished-at="2023-02-02T17:21:04Z">
          <exception class="org.openqa.selenium.NoSuchSessionException">
            <message>
              <![CDATA[invalid session id
Build info: version: '4.4.0', revision: 'e5c75ed026a'
System info: host: 'DESKTOP-18T66DG', ip: '172.27.90.42', os.name: 'Windows 10', os.arch: 'amd64', os.version: '10.0', java.version: '1.8.0_341'
Driver info: org.openqa.selenium.chrome.ChromeDriver
Command: [d52744798821bf99e71b50d622653059, findElement {using=xpath, value=//div/div/i[@class='mx-icon-calendar']}]
Capabilities {acceptInsecureCerts: false, browserName: chrome, browserVersion: 109.0.5414.120, chrome: {chromedriverVersion: 109.0.5414.74 (e7c5703604da..., userDataDir: C:\Users\admin\AppData\Loca...}, goog:chromeOptions: {debuggerAddress: localhost:63831}, networkConnectionEnabled: false, pageLoadStrategy: normal, platformName: WINDOWS, proxy: Proxy(), se:cdp: ws://localhost:63831/devtoo..., se:cdpVersion: 109.0.5414.120, setWindowRect: true, strictFileInteractability: false, timeouts: {implicit: 0, pageLoad: 300000, script: 30000}, unhandledPromptBehavior: dismiss and notify, webauthn:extension:credBlob: true, webauthn:extension:largeBlob: true, webauthn:virtualAuthenticators: true}
Session ID: d52744798821bf99e71b50d622653059]]>
            </message>
            <full-stacktrace>
              <![CDATA[org.openqa.selenium.NoSuchSessionException: invalid session id
Build info: version: '4.4.0', revision: 'e5c75ed026a'
System info: host: 'DESKTOP-18T66DG', ip: '172.27.90.42', os.name: 'Windows 10', os.arch: 'amd64', os.version: '10.0', java.version: '1.8.0_341'
Driver info: org.openqa.selenium.chrome.ChromeDriver
Command: [d52744798821bf99e71b50d622653059, findElement {using=xpath, value=//div/div/i[@class='mx-icon-calendar']}]
Capabilities {acceptInsecureCerts: false, browserName: chrome, browserVersion: 109.0.5414.120, chrome: {chromedriverVersion: 109.0.5414.74 (e7c5703604da..., userDataDir: C:\Users\admin\AppData\Loca...}, goog:chromeOptions: {debuggerAddress: localhost:63831}, networkConnectionEnabled: false, pageLoadStrategy: normal, platformName: WINDOWS, proxy: Proxy(), se:cdp: ws://localhost:63831/devtoo..., se:cdpVersion: 109.0.5414.120, setWindowRect: true, strictFileInteractability: false, timeouts: {implicit: 0, pageLoad: 300000, script: 30000}, unhandledPromptBehavior: dismiss and notify, webauthn:extension:credBlob: true, webauthn:extension:largeBlob: true, webauthn:virtualAuthenticators: true}
Session ID: d52744798821bf99e71b50d622653059
	at sun.reflect.NativeConstructorAccessorImpl.newInstance0(Native Method)
	at sun.reflect.NativeConstructorAccessorImpl.newInstance(NativeConstructorAccessorImpl.java:62)
	at sun.reflect.DelegatingConstructorAccessorImpl.newInstance(DelegatingConstructorAccessorImpl.java:45)
	at java.lang.reflect.Constructor.newInstance(Constructor.java:423)
	at org.openqa.selenium.remote.codec.w3c.W3CHttpResponseCodec.createException(W3CHttpResponseCodec.java:200)
	at org.openqa.selenium.remote.codec.w3c.W3CHttpResponseCodec.decode(W3CHttpResponseCodec.java:133)
	at org.openqa.selenium.remote.codec.w3c.W3CHttpResponseCodec.decode(W3CHttpResponseCodec.java:53)
	at org.openqa.selenium.remote.HttpCommandExecutor.execute(HttpCommandExecutor.java:184)
	at org.openqa.selenium.remote.service.DriverCommandExecutor.invokeExecute(DriverCommandExecutor.java:167)
	at org.openqa.selenium.remote.service.DriverCommandExecutor.execute(DriverCommandExecutor.java:142)
	at org.openqa.selenium.remote.RemoteWebDriver.execute(RemoteWebDriver.java:547)
	at org.openqa.selenium.remote.ElementLocation$ElementFinder$2.findElement(ElementLocation.java:162)
	at org.openqa.selenium.remote.ElementLocation.findElement(ElementLocation.java:60)
	at org.openqa.selenium.remote.RemoteWebDriver.findElement(RemoteWebDriver.java:365)
	at org.openqa.selenium.remote.RemoteWebDriver.findElement(RemoteWebDriver.java:357)
	at org.openqa.selenium.support.ui.ExpectedConditions$7.apply(ExpectedConditions.java:197)
	at org.openqa.selenium.support.ui.ExpectedConditions$7.apply(ExpectedConditions.java:193)
	at org.openqa.selenium.support.ui.FluentWait.until(FluentWait.java:208)
	at Charts.E_Boarding_Reports.Sha.calendaricon(Sha.java:84)
	at Charts.E_Boarding_Reports.Sha_dwelltime_validation.sha_avg(Sha_dwelltime_validation.java:36)
	at sun.reflect.NativeMethodAccessorImpl.invoke0(Native Method)
	at sun.reflect.NativeMethodAccessorImpl.invoke(NativeMethodAccessorImpl.java:62)
	at sun.reflect.DelegatingMethodAccessorImpl.invoke(DelegatingMethodAccessorImpl.java:43)
	at java.lang.reflect.Method.invoke(Method.java:498)
	at org.testng.internal.MethodInvocationHelper.invokeMethod(MethodInvocationHelper.java:80)
	at org.testng.internal.Invoker.invokeMethod(Invoker.java:714)
	at org.testng.internal.Invoker.invokeTestMethod(Invoker.java:901)
	at org.testng.internal.Invoker.invokeTestMethods(Invoker.java:1231)
	at org.testng.internal.TestMethodWorker.invokeTestMethods(TestMethodWorker.java:127)
	at org.testng.internal.TestMethodWorker.run(TestMethodWorker.java:111)
	at org.testng.TestRunner.privateRun(TestRunner.java:767)
	at org.testng.TestRunner.run(TestRunner.java:617)
	at org.testng.SuiteRunner.runTest(SuiteRunner.java:334)
	at org.testng.SuiteRunner.runSequentially(SuiteRunner.java:329)
	at org.testng.SuiteRunner.privateRun(SuiteRunner.java:291)
	at org.testng.SuiteRunner.run(SuiteRunner.java:240)
	at org.testng.SuiteRunnerWorker.runSuite(SuiteRunnerWorker.java:52)
	at org.testng.SuiteRunnerWorker.run(SuiteRunnerWorker.java:86)
	at org.testng.TestNG.runSuitesSequentially(TestNG.java:1198)
	at org.testng.TestNG.runSuitesLocally(TestNG.java:1123)
	at org.testng.TestNG.run(TestNG.java:1031)
	at org.apache.maven.surefire.testng.TestNGExecutor.run(TestNGExecutor.java:281)
	at org.apache.maven.surefire.testng.TestNGXmlTestSuite.execute(TestNGXmlTestSuite.java:75)
	at org.apache.maven.surefire.testng.TestNGProvider.invoke(TestNGProvider.java:121)
	at org.apache.maven.surefire.booter.ForkedBooter.invokeProviderInSameClassLoader(ForkedBooter.java:290)
	at org.apache.maven.surefire.booter.ForkedBooter.runSuitesInProcess(ForkedBooter.java:242)
	at org.apache.maven.surefire.booter.ForkedBooter.main(ForkedBooter.java:121)
]]>
            </full-stacktrace>
          </exception> <!-- org.openqa.selenium.NoSuchSessionException -->
          <reporter-output>
          </reporter-output>
        </test-method> <!-- sha_avg -->
        <test-method status="PASS" signature="teardown()[pri:0, instance:Charts.E_Boarding_Reports.Sha_dwelltime_validation@5fe94a96]" name="teardown" is-config="true" duration-ms="16241" started-at="2023-02-02T17:21:04Z" finished-at="2023-02-02T17:21:20Z">
          <reporter-output>
          </reporter-output>
        </test-method> <!-- teardown -->
      </class> <!-- Charts.E_Boarding_Reports.Sha_dwelltime_validation -->
    </test> <!-- Validating sha avg data -->
  </suite> <!-- Suite -->
</testng-results>
