<?xml version="1.0" encoding="UTF-8"?>
<testsuite xmlns:xsi="http://www.w3.org/2001/XMLSchema-instance" xsi:schemaLocation="https://maven.apache.org/surefire/maven-surefire-plugin/xsd/surefire-test-report.xsd" name="TestSuite" time="1.094" tests="13" errors="0" skipped="8" failures="4">
  <properties>
    <property name="java.runtime.name" value="Java(TM) SE Runtime Environment"/>
    <property name="sun.boot.library.path" value="C:\Program Files\Java\jdk1.8.0_341\jre\bin"/>
    <property name="java.vm.version" value="25.341-b10"/>
    <property name="java.vm.vendor" value="Oracle Corporation"/>
    <property name="maven.multiModuleProjectDirectory" value="D:\work_space\E_Boarding_Reports"/>
    <property name="java.vendor.url" value="http://java.oracle.com/"/>
    <property name="path.separator" value=";"/>
    <property name="guice.disable.misplaced.annotation.check" value="true"/>
    <property name="java.vm.name" value="Java HotSpot(TM) 64-Bit Server VM"/>
    <property name="file.encoding.pkg" value="sun.io"/>
    <property name="user.script" value=""/>
    <property name="user.country" value="IN"/>
    <property name="sun.java.launcher" value="SUN_STANDARD"/>
    <property name="sun.os.patch.level" value=""/>
    <property name="java.vm.specification.name" value="Java Virtual Machine Specification"/>
    <property name="user.dir" value="D:\work_space\E_Boarding_Reports"/>
    <property name="java.runtime.version" value="1.8.0_341-b10"/>
    <property name="java.awt.graphicsenv" value="sun.awt.Win32GraphicsEnvironment"/>
    <property name="java.endorsed.dirs" value="C:\Program Files\Java\jdk1.8.0_341\jre\lib\endorsed"/>
    <property name="os.arch" value="amd64"/>
    <property name="java.io.tmpdir" value="C:\Users\admin\AppData\Local\Temp\"/>
    <property name="line.separator" value="&#10;"/>
    <property name="java.vm.specification.vendor" value="Oracle Corporation"/>
    <property name="user.variant" value=""/>
    <property name="os.name" value="Windows 10"/>
    <property name="classworlds.conf" value="C:\Program Files\apache-maven-3.8.7\bin\m2.conf"/>
    <property name="sun.jnu.encoding" value="Cp1252"/>
    <property name="java.library.path" value="C:\Program Files\Java\jdk1.8.0_341\bin;C:\Windows\Sun\Java\bin;C:\Windows\system32;C:\Windows;C:\Program Files (x86)\Common Files\Oracle\Java\javapath;C:\Windows\system32;C:\Windows;C:\Windows\System32\Wbem;C:\Windows\System32\WindowsPowerShell\v1.0\;C:\Windows\System32\OpenSSH\;C:\Program Files\dotnet\;C:\Program Files (x86)\Microsoft SQL Server\160\DTS\Binn\;C:\Program Files\Azure Data Studio\bin;C:\Program Files\apache-maven-3.8.7\bin;C:\Program Files\nodejs\;C:\Program Files\Java\jdk1.8.0_341\bin;C:\Users\admin\AppData\Local\Microsoft\WindowsApps;;C:\Program Files\Azure Data Studio\bin;C:\Users\admin\AppData\Local\Programs\Microsoft VS Code\bin;C:\Users\admin\AppData\Roaming\npm;."/>
    <property name="maven.conf" value="C:\Program Files\apache-maven-3.8.7/conf"/>
    <property name="java.specification.name" value="Java Platform API Specification"/>
    <property name="java.class.version" value="52.0"/>
    <property name="sun.management.compiler" value="HotSpot 64-Bit Tiered Compilers"/>
    <property name="os.version" value="10.0"/>
    <property name="library.jansi.path" value="C:\Program Files\apache-maven-3.8.7\lib\jansi-native"/>
    <property name="user.home" value="C:\Users\admin"/>
    <property name="user.timezone" value="Asia/Calcutta"/>
    <property name="java.awt.printerjob" value="sun.awt.windows.WPrinterJob"/>
    <property name="java.specification.version" value="1.8"/>
    <property name="file.encoding" value="Cp1252"/>
    <property name="user.name" value="admin"/>
    <property name="java.class.path" value="C:\Program Files\apache-maven-3.8.7\boot\plexus-classworlds-2.6.0.jar"/>
    <property name="java.vm.specification.version" value="1.8"/>
    <property name="sun.arch.data.model" value="64"/>
    <property name="java.home" value="C:\Program Files\Java\jdk1.8.0_341\jre"/>
    <property name="sun.java.command" value="org.codehaus.plexus.classworlds.launcher.Launcher test"/>
    <property name="java.specification.vendor" value="Oracle Corporation"/>
    <property name="user.language" value="en"/>
    <property name="awt.toolkit" value="sun.awt.windows.WToolkit"/>
    <property name="java.vm.info" value="mixed mode"/>
    <property name="java.version" value="1.8.0_341"/>
    <property name="java.ext.dirs" value="C:\Program Files\Java\jdk1.8.0_341\jre\lib\ext;C:\Windows\Sun\Java\lib\ext"/>
    <property name="sun.boot.class.path" value="C:\Program Files\Java\jdk1.8.0_341\jre\lib\resources.jar;C:\Program Files\Java\jdk1.8.0_341\jre\lib\rt.jar;C:\Program Files\Java\jdk1.8.0_341\jre\lib\jsse.jar;C:\Program Files\Java\jdk1.8.0_341\jre\lib\jce.jar;C:\Program Files\Java\jdk1.8.0_341\jre\lib\charsets.jar;C:\Program Files\Java\jdk1.8.0_341\jre\lib\jfr.jar;C:\Program Files\Java\jdk1.8.0_341\jre\classes"/>
    <property name="sun.stderr.encoding" value="cp437"/>
    <property name="java.vendor" value="Oracle Corporation"/>
    <property name="maven.home" value="C:\Program Files\apache-maven-3.8.7"/>
    <property name="file.separator" value="\"/>
    <property name="java.vendor.url.bug" value="http://bugreport.sun.com/bugreport/"/>
    <property name="sun.cpu.endian" value="little"/>
    <property name="sun.io.unicode.encoding" value="UnicodeLittle"/>
    <property name="sun.stdout.encoding" value="cp437"/>
    <property name="sun.desktop" value="windows"/>
    <property name="sun.cpu.isalist" value="amd64"/>
  </properties>
  <testcase name="sample" classname="Charts.E_Boarding_Reports.Test_info" time="0.007"/>
  <testcase name="initilize_browser" classname="Charts.E_Boarding_Reports.Validate_navigation_url" time="0.232">
    <failure message="The driver executable must exist: C:\chromedriver.exe" type="java.lang.IllegalStateException">java.lang.IllegalStateException: The driver executable must exist: C:\chromedriver.exe
	at Charts.E_Boarding_Reports.Validate_navigation_url.initilize_browser(Validate_navigation_url.java:23)
</failure>
    <system-out><![CDATA[chrome
http://localhost:8080/main
]]></system-out>
  </testcase>
  <testcase name="Validate_url" classname="Charts.E_Boarding_Reports.Validate_navigation_url" time="0">
    <skipped/>
  </testcase>
  <testcase name="teardown" classname="Charts.E_Boarding_Reports.Validate_navigation_url" time="0">
    <skipped/>
  </testcase>
  <testcase name="initilize_browser" classname="Charts.E_Boarding_Reports.Validate_titlebar" time="0.009">
    <failure message="The driver executable must exist: C:\chromedriver.exe" type="java.lang.IllegalStateException">java.lang.IllegalStateException: The driver executable must exist: C:\chromedriver.exe
	at Charts.E_Boarding_Reports.Validate_titlebar.initilize_browser(Validate_titlebar.java:21)
</failure>
    <system-out><![CDATA[chrome
http://localhost:8080/main
]]></system-out>
  </testcase>
  <testcase name="titlebar" classname="Charts.E_Boarding_Reports.Validate_titlebar" time="0">
    <skipped/>
  </testcase>
  <testcase name="teardown" classname="Charts.E_Boarding_Reports.Validate_titlebar" time="0">
    <skipped/>
  </testcase>
  <testcase name="initializebrowser" classname="Charts.E_Boarding_Reports.Login_page_verification" time="0.014">
    <failure message="The driver executable must exist: C:\chromedriver.exe" type="java.lang.IllegalStateException">java.lang.IllegalStateException: The driver executable must exist: C:\chromedriver.exe
	at Charts.E_Boarding_Reports.Login_page_verification.initializebrowser(Login_page_verification.java:19)
</failure>
    <system-out><![CDATA[chrome
http://localhost:8080/main
]]></system-out>
  </testcase>
  <testcase name="Login_validation" classname="Charts.E_Boarding_Reports.Login_page_verification" time="0">
    <skipped/>
  </testcase>
  <testcase name="teardown" classname="Charts.E_Boarding_Reports.Login_page_verification" time="0">
    <skipped/>
  </testcase>
  <testcase name="sha_avgdata_database" classname="Charts.E_Boarding_Reports.Sha_dwelltime_validation" time="0.009">
    <failure message="The driver executable must exist: C:\chromedriver.exe" type="java.lang.IllegalStateException">java.lang.IllegalStateException: The driver executable must exist: C:\chromedriver.exe
	at Charts.E_Boarding_Reports.Sha_dwelltime_validation.sha_avgdata_database(Sha_dwelltime_validation.java:23)
</failure>
    <system-out><![CDATA[chrome
http://localhost:8080/main
]]></system-out>
  </testcase>
  <testcase name="sha_avg" classname="Charts.E_Boarding_Reports.Sha_dwelltime_validation" time="0">
    <skipped/>
  </testcase>
  <testcase name="teardown" classname="Charts.E_Boarding_Reports.Sha_dwelltime_validation" time="0">
    <skipped/>
  </testcase>
</testsuite>